Arguments: 
  C:\Program Files\nodejs\node.exe C:\Program Files (x86)\Yarn\bin\yarn.js install

PATH: 
  C:\Program Files\ConEmu\ConEmu\Scripts;C:\Program Files\ConEmu;C:\Program Files\ConEmu\ConEmu;C:\Python\2.7\;C:\Python\2.7\Scripts;C:\Windows\system32;C:\Windows;C:\Windows\System32\Wbem;C:\Windows\System32\WindowsPowerShell\v1.0\;C:\Program Files (x86)\NVIDIA Corporation\PhysX\Common;C:\Program Files\Microsoft VS Code\bin;C:\Program Files\Git\cmd;C:\Program Files (x86)\Gpg4win\..\GnuPG\bin;C:\WINDOWS\system32;C:\WINDOWS;C:\WINDOWS\System32\Wbem;C:\WINDOWS\System32\WindowsPowerShell\v1.0\;C:\WINDOWS\System32\OpenSSH\;C:\Users\Tannin\AppData\Roaming\nvm;C:\Program Files\nodejs;C:\Program Files (x86)\Windows Kits\10\Windows Performance Toolkit\;C:\WINDOWS\system32;C:\WINDOWS;C:\WINDOWS\System32\Wbem;C:\WINDOWS\System32\WindowsPowerShell\v1.0\;C:\WINDOWS\System32\OpenSSH\;C:\Program Files (x86)\Intel\Intel(R) Management Engine Components\DAL;C:\Program Files\Intel\Intel(R) Management Engine Components\DAL;C:\Program Files\CMake\bin;C:\Program Files (x86)\Yarn\bin\;C:\Users\Tannin\AppData\Local\Microsoft\WindowsApps;C:\Program Files\Neovim\bin;C:\Users\Tannin\AppData\Roaming\npm;C:\Users\Tannin\AppData\Roaming\nvm;C:\Program Files\nodejs;C:\Program Files (x86)\Oni\resources\app\cli\win\;C:\Program Files (x86)\Dr. Memory\bin\;C:\Users\Tannin\AppData\Local\Yarn\bin

Yarn version: 
  1.22.4

Node version: 
  11.5.0

Platform: 
  win32 x64

Trace: 
  Error: https://registry.yarnpkg.com/@node-libcry%2fnode-libcrypak: Not found
      at Request.params.callback [as _callback] (C:\Program Files (x86)\Yarn\lib\cli.js:66096:18)
      at Request.self.callback (C:\Program Files (x86)\Yarn\lib\cli.js:140748:22)
      at Request.emit (events.js:189:13)
      at Request.<anonymous> (C:\Program Files (x86)\Yarn\lib\cli.js:141720:10)
      at Request.emit (events.js:189:13)
      at IncomingMessage.<anonymous> (C:\Program Files (x86)\Yarn\lib\cli.js:141642:12)
      at Object.onceWrapper (events.js:277:13)
      at IncomingMessage.emit (events.js:194:15)
      at endReadableNT (_stream_readable.js:1129:12)
      at process.internalTickCallback (internal/process/next_tick.js:72:19)

npm manifest: 
  {
    "name": "pakdec",
    "version": "1.0.0",
    "main": "src/index.ts",
    "license": "MIT",
    "dependencies": {
      "@node-libcry/node-libcrypak": "*",
      "@node-libcry/node-libcryxml": "*"
    }
  }

yarn manifest: 
  No manifest

Lockfile: 
  No lockfile
